2023-09-01 15:53:20,191 :INFO :utilites.BaseClass :gettimg all the card titles
2023-09-01 15:53:20,230 :INFO :utilites.BaseClass :iphone X
2023-09-01 15:53:20,243 :INFO :utilites.BaseClass :Samsung Note 8
2023-09-01 15:53:20,256 :INFO :utilites.BaseClass :Nokia Edge
2023-09-01 15:53:20,267 :INFO :utilites.BaseClass :Blackberry
2023-09-01 15:53:20,524 :INFO :utilites.BaseClass :Entering country name as ind
2023-09-01 15:53:26,383 :INFO :utilites.BaseClass :Text received from application is ×
Success! Thank you! Your order will be delivered in next few weeks :-).
2023-09-01 15:54:01,570 :INFO :utilites.BaseClass :gettimg all the card titles
2023-09-01 15:54:01,620 :INFO :utilites.BaseClass :iphone X
2023-09-01 15:54:01,636 :INFO :utilites.BaseClass :Samsung Note 8
2023-09-01 15:54:01,652 :INFO :utilites.BaseClass :Nokia Edge
2023-09-01 15:54:01,668 :INFO :utilites.BaseClass :Blackberry
2023-09-01 15:54:01,877 :INFO :utilites.BaseClass :Entering country name as ind
2023-09-01 15:54:07,809 :INFO :utilites.BaseClass :Text received from application is ×
Success! Thank you! Your order will be delivered in next few weeks :-).
2023-09-01 16:11:45,808 :INFO :utilites.BaseClass :gettimg all the card titles
2023-09-01 16:11:45,856 :INFO :utilites.BaseClass :iphone X
2023-09-01 16:11:45,871 :INFO :utilites.BaseClass :Samsung Note 8
2023-09-01 16:11:45,889 :INFO :utilites.BaseClass :Nokia Edge
2023-09-01 16:11:45,904 :INFO :utilites.BaseClass :Blackberry
2023-09-01 16:11:46,237 :INFO :utilites.BaseClass :Entering country name as ind
2023-09-01 16:11:52,053 :INFO :utilites.BaseClass :Text received from application is ×
Success! Thank you! Your order will be delivered in next few weeks :-).
2023-09-01 16:38:02,187 :INFO :utilites.BaseClass :gettimg all the card titles
2023-09-01 16:38:02,241 :INFO :utilites.BaseClass :iphone X
2023-09-01 16:38:02,271 :INFO :utilites.BaseClass :Samsung Note 8
2023-09-01 16:38:02,310 :INFO :utilites.BaseClass :Nokia Edge
2023-09-01 16:38:02,343 :INFO :utilites.BaseClass :Blackberry
2023-09-01 16:38:02,623 :INFO :utilites.BaseClass :Entering country name as ind
2023-09-01 16:38:08,550 :INFO :utilites.BaseClass :Text received from application is ×
Success! Thank you! Your order will be delivered in next few weeks :-).
2023-09-01 16:41:13,511 :INFO :utilites.BaseClass :gettimg all the card titles
2023-09-01 16:41:13,557 :INFO :utilites.BaseClass :iphone X
2023-09-01 16:41:13,570 :INFO :utilites.BaseClass :Samsung Note 8
2023-09-01 16:41:13,584 :INFO :utilites.BaseClass :Nokia Edge
2023-09-01 16:41:13,607 :INFO :utilites.BaseClass :Blackberry
2023-09-01 16:41:13,992 :INFO :utilites.BaseClass :Entering country name as ind
2023-09-01 16:41:20,014 :INFO :utilites.BaseClass :Text received from application is ×
Success! Thank you! Your order will be delivered in next few weeks :-).
2023-09-01 16:46:46,367 :INFO :utilites.BaseClass :gettimg all the card titles
2023-09-01 16:46:46,455 :INFO :utilites.BaseClass :iphone X
2023-09-01 16:46:46,467 :INFO :utilites.BaseClass :Samsung Note 8
2023-09-01 16:46:46,479 :INFO :utilites.BaseClass :Nokia Edge
2023-09-01 16:46:46,495 :INFO :utilites.BaseClass :Blackberry
2023-09-01 16:46:46,780 :INFO :utilites.BaseClass :Entering country name as ind
2023-09-01 16:46:52,714 :INFO :utilites.BaseClass :Text received from application is ×
Success! Thank you! Your order will be delivered in next few weeks :-).
2023-09-01 16:48:52,978 :INFO :utilites.BaseClass :gettimg all the card titles
2023-09-01 16:48:53,043 :INFO :utilites.BaseClass :iphone X
2023-09-01 16:48:53,055 :INFO :utilites.BaseClass :Samsung Note 8
2023-09-01 16:48:53,072 :INFO :utilites.BaseClass :Nokia Edge
2023-09-01 16:48:53,090 :INFO :utilites.BaseClass :Blackberry
2023-09-01 16:48:53,340 :INFO :utilites.BaseClass :Entering country name as ind
2023-09-01 16:48:59,180 :INFO :utilites.BaseClass :Text received from application is ×
Success! Thank you! Your order will be delivered in next few weeks :-).
2023-09-01 16:49:40,083 :INFO :utilites.BaseClass :gettimg all the card titles
2023-09-01 16:49:40,138 :INFO :utilites.BaseClass :iphone X
2023-09-01 16:49:40,155 :INFO :utilites.BaseClass :Samsung Note 8
2023-09-01 16:49:40,167 :INFO :utilites.BaseClass :Nokia Edge
2023-09-01 16:49:40,182 :INFO :utilites.BaseClass :Blackberry
2023-09-01 16:49:40,424 :INFO :utilites.BaseClass :Entering country name as ind
2023-09-01 16:49:46,284 :INFO :utilites.BaseClass :Text received from application is ×
Success! Thank you! Your order will be delivered in next few weeks :-).
2023-09-04 16:25:12,720 :INFO :utilites.BaseClass :gettimg all the card titles
2023-09-04 16:25:12,797 :INFO :utilites.BaseClass :iphone X
2023-09-04 16:25:12,811 :INFO :utilites.BaseClass :Samsung Note 8
2023-09-04 16:25:12,826 :INFO :utilites.BaseClass :Nokia Edge
2023-09-04 16:25:12,843 :INFO :utilites.BaseClass :Blackberry
2023-09-04 16:25:13,124 :INFO :utilites.BaseClass :Entering country name as ind
2023-09-04 16:25:19,164 :INFO :utilites.BaseClass :Text received from application is ×
Success! Thank you! Your order will be delivered in next few weeks :-).
2023-09-04 16:26:07,275 :INFO :utilites.BaseClass :gettimg all the card titles
2023-09-04 16:26:07,819 :INFO :utilites.BaseClass :iphone X
2023-09-04 16:26:07,845 :INFO :utilites.BaseClass :Samsung Note 8
2023-09-04 16:26:07,862 :INFO :utilites.BaseClass :Nokia Edge
2023-09-04 16:26:07,884 :INFO :utilites.BaseClass :Blackberry
2023-09-04 16:26:08,160 :INFO :utilites.BaseClass :Entering country name as ind
2023-09-04 16:26:14,229 :INFO :utilites.BaseClass :Text received from application is ×
Success! Thank you! Your order will be delivered in next few weeks :-).
2023-09-04 16:31:45,945 :INFO :utilites.BaseClass :gettimg all the card titles
2023-09-04 16:31:46,017 :INFO :utilites.BaseClass :iphone X
2023-09-04 16:31:46,032 :INFO :utilites.BaseClass :Samsung Note 8
2023-09-04 16:31:46,059 :INFO :utilites.BaseClass :Nokia Edge
2023-09-04 16:31:46,075 :INFO :utilites.BaseClass :Blackberry
2023-09-04 16:31:46,400 :INFO :utilites.BaseClass :Entering country name as ind
2023-09-04 16:31:52,562 :INFO :utilites.BaseClass :Text received from application is ×
Success! Thank you! Your order will be delivered in next few weeks :-).
2023-09-04 16:35:14,598 :INFO :utilites.BaseClass :gettimg all the card titles
2023-09-04 16:35:14,669 :INFO :utilites.BaseClass :iphone X
2023-09-04 16:35:14,683 :INFO :utilites.BaseClass :Samsung Note 8
2023-09-04 16:35:14,698 :INFO :utilites.BaseClass :Nokia Edge
2023-09-04 16:35:14,712 :INFO :utilites.BaseClass :Blackberry
2023-09-04 16:35:15,009 :INFO :utilites.BaseClass :Entering country name as ind
2023-09-04 16:35:21,102 :INFO :utilites.BaseClass :Text received from application is ×
Success! Thank you! Your order will be delivered in next few weeks :-).
2023-09-04 16:36:47,734 :INFO :utilites.BaseClass :gettimg all the card titles
2023-09-04 16:36:47,803 :INFO :utilites.BaseClass :iphone X
2023-09-04 16:36:47,828 :INFO :utilites.BaseClass :Samsung Note 8
2023-09-04 16:36:47,846 :INFO :utilites.BaseClass :Nokia Edge
2023-09-04 16:36:47,863 :INFO :utilites.BaseClass :Blackberry
2023-09-04 16:36:48,105 :INFO :utilites.BaseClass :Entering country name as ind
2023-09-04 16:36:54,246 :INFO :utilites.BaseClass :Text received from application is ×
Success! Thank you! Your order will be delivered in next few weeks :-).
2023-09-04 16:38:00,178 :INFO :utilites.BaseClass :gettimg all the card titles
2023-09-04 16:38:00,377 :INFO :utilites.BaseClass :iphone X
2023-09-04 16:38:00,392 :INFO :utilites.BaseClass :Samsung Note 8
2023-09-04 16:38:00,407 :INFO :utilites.BaseClass :Nokia Edge
2023-09-04 16:38:00,426 :INFO :utilites.BaseClass :Blackberry
2023-09-04 16:38:00,672 :INFO :utilites.BaseClass :Entering country name as ind
2023-09-04 16:38:06,524 :INFO :utilites.BaseClass :Text received from application is ×
Success! Thank you! Your order will be delivered in next few weeks :-).
2023-09-04 16:40:20,497 :INFO :utilites.BaseClass :gettimg all the card titles
2023-09-04 16:40:20,820 :INFO :utilites.BaseClass :iphone X
2023-09-04 16:40:20,846 :INFO :utilites.BaseClass :Samsung Note 8
2023-09-04 16:40:20,866 :INFO :utilites.BaseClass :Nokia Edge
2023-09-04 16:40:20,884 :INFO :utilites.BaseClass :Blackberry
2023-09-04 16:40:21,189 :INFO :utilites.BaseClass :Entering country name as ind
2023-09-04 16:40:27,373 :INFO :utilites.BaseClass :Text received from application is ×
Success! Thank you! Your order will be delivered in next few weeks :-).
2023-09-04 16:44:05,869 :INFO :utilites.BaseClass :gettimg all the card titles
2023-09-04 16:44:06,191 :INFO :utilites.BaseClass :iphone X
2023-09-04 16:44:06,216 :INFO :utilites.BaseClass :Samsung Note 8
2023-09-04 16:44:06,243 :INFO :utilites.BaseClass :Nokia Edge
2023-09-04 16:44:06,266 :INFO :utilites.BaseClass :Blackberry
2023-09-04 16:44:06,559 :INFO :utilites.BaseClass :Entering country name as ind
2023-09-04 16:44:12,608 :INFO :utilites.BaseClass :Text received from application is ×
Success! Thank you! Your order will be delivered in next few weeks :-).
2023-09-04 16:44:24,759 :INFO :utilites.BaseClass :gettimg all the card titles
2023-09-04 16:44:25,097 :INFO :utilites.BaseClass :iphone X
2023-09-04 16:44:25,122 :INFO :utilites.BaseClass :Samsung Note 8
2023-09-04 16:44:25,140 :INFO :utilites.BaseClass :Nokia Edge
2023-09-04 16:44:25,160 :INFO :utilites.BaseClass :Blackberry
2023-09-04 16:44:25,469 :INFO :utilites.BaseClass :Entering country name as ind
2023-09-04 16:44:31,554 :INFO :utilites.BaseClass :Text received from application is ×
Success! Thank you! Your order will be delivered in next few weeks :-).
2023-09-04 16:45:55,175 :INFO :utilites.BaseClass :gettimg all the card titles
2023-09-04 16:45:55,281 :INFO :utilites.BaseClass :iphone X
2023-09-04 16:45:55,354 :INFO :utilites.BaseClass :Samsung Note 8
2023-09-04 16:45:55,425 :INFO :utilites.BaseClass :Nokia Edge
2023-09-04 16:45:55,479 :INFO :utilites.BaseClass :Blackberry
2023-09-04 16:45:55,768 :INFO :utilites.BaseClass :Entering country name as ind
2023-09-04 16:46:01,932 :INFO :utilites.BaseClass :Text received from application is ×
Success! Thank you! Your order will be delivered in next few weeks :-).
2023-09-04 16:52:16,390 :INFO :utilites.BaseClass :gettimg all the card titles
2023-09-04 16:52:16,486 :INFO :utilites.BaseClass :iphone X
2023-09-04 16:52:16,503 :INFO :utilites.BaseClass :Samsung Note 8
2023-09-04 16:52:16,536 :INFO :utilites.BaseClass :Nokia Edge
2023-09-04 16:52:16,560 :INFO :utilites.BaseClass :Blackberry
2023-09-04 16:52:16,921 :INFO :utilites.BaseClass :Entering country name as ind
2023-09-04 16:52:22,795 :INFO :utilites.BaseClass :Text received from application is ×
Success! Thank you! Your order will be delivered in next few weeks :-).
2023-09-04 16:58:09,881 :INFO :utilites.BaseClass :gettimg all the card titles
2023-09-04 16:58:09,942 :INFO :utilites.BaseClass :iphone X
2023-09-04 16:58:09,957 :INFO :utilites.BaseClass :Samsung Note 8
2023-09-04 16:58:09,977 :INFO :utilites.BaseClass :Nokia Edge
2023-09-04 16:58:09,994 :INFO :utilites.BaseClass :Blackberry
2023-09-04 16:58:10,305 :INFO :utilites.BaseClass :Entering country name as ind
2023-09-04 16:58:16,310 :INFO :utilites.BaseClass :Text received from application is ×
Success! Thank you! Your order will be delivered in next few weeks :-).
2023-09-04 16:58:26,928 :INFO :utilites.BaseClass :gettimg all the card titles
2023-09-04 16:58:27,016 :INFO :utilites.BaseClass :iphone X
2023-09-04 16:58:27,039 :INFO :utilites.BaseClass :Samsung Note 8
2023-09-04 16:58:27,061 :INFO :utilites.BaseClass :Nokia Edge
2023-09-04 16:58:27,091 :INFO :utilites.BaseClass :Blackberry
2023-09-04 16:58:27,456 :INFO :utilites.BaseClass :Entering country name as ind
2023-09-04 16:58:33,586 :INFO :utilites.BaseClass :Text received from application is ×
Success! Thank you! Your order will be delivered in next few weeks :-).
2023-09-04 17:00:20,058 :INFO :utilites.BaseClass :gettimg all the card titles
2023-09-04 17:00:20,133 :INFO :utilites.BaseClass :iphone X
2023-09-04 17:00:20,154 :INFO :utilites.BaseClass :Samsung Note 8
2023-09-04 17:00:20,178 :INFO :utilites.BaseClass :Nokia Edge
2023-09-04 17:00:20,227 :INFO :utilites.BaseClass :Blackberry
2023-09-04 17:00:20,844 :INFO :utilites.BaseClass :Entering country name as ind
2023-09-04 17:00:26,994 :INFO :utilites.BaseClass :Text received from application is ×
Success! Thank you! Your order will be delivered in next few weeks :-).
2023-09-04 17:03:14,844 :INFO :utilites.BaseClass :gettimg all the card titles
2023-09-04 17:03:14,943 :INFO :utilites.BaseClass :iphone X
2023-09-04 17:03:14,961 :INFO :utilites.BaseClass :Samsung Note 8
2023-09-04 17:03:14,975 :INFO :utilites.BaseClass :Nokia Edge
2023-09-04 17:03:14,989 :INFO :utilites.BaseClass :Blackberry
2023-09-04 17:03:15,231 :INFO :utilites.BaseClass :Entering country name as ind
2023-09-04 17:03:21,495 :INFO :utilites.BaseClass :Text received from application is ×
Success! Thank you! Your order will be delivered in next few weeks :-).
2023-09-04 17:15:47,260 :INFO :utilites.BaseClass :gettimg all the card titles
2023-09-04 17:15:47,413 :INFO :utilites.BaseClass :iphone X
2023-09-04 17:15:47,466 :INFO :utilites.BaseClass :Samsung Note 8
2023-09-04 17:15:47,515 :INFO :utilites.BaseClass :Nokia Edge
2023-09-04 17:15:47,565 :INFO :utilites.BaseClass :Blackberry
2023-09-04 17:15:47,998 :INFO :utilites.BaseClass :Entering country name as ind
2023-09-04 17:15:53,879 :INFO :utilites.BaseClass :Text received from application is ×
Success! Thank you! Your order will be delivered in next few weeks :-).
2023-09-04 17:17:12,352 :INFO :utilites.BaseClass :gettimg all the card titles
2023-09-04 17:17:12,499 :INFO :utilites.BaseClass :iphone X
2023-09-04 17:17:12,532 :INFO :utilites.BaseClass :Samsung Note 8
2023-09-04 17:17:12,571 :INFO :utilites.BaseClass :Nokia Edge
2023-09-04 17:17:12,593 :INFO :utilites.BaseClass :Blackberry
2023-09-04 17:17:13,018 :INFO :utilites.BaseClass :Entering country name as ind
2023-09-04 17:17:19,226 :INFO :utilites.BaseClass :Text received from application is ×
Success! Thank you! Your order will be delivered in next few weeks :-).
2023-09-04 17:21:22,897 :INFO :utilites.BaseClass :gettimg all the card titles
2023-09-04 17:21:22,959 :INFO :utilites.BaseClass :iphone X
2023-09-04 17:21:22,982 :INFO :utilites.BaseClass :Samsung Note 8
2023-09-04 17:21:23,002 :INFO :utilites.BaseClass :Nokia Edge
2023-09-04 17:21:23,020 :INFO :utilites.BaseClass :Blackberry
2023-09-04 17:21:23,348 :INFO :utilites.BaseClass :Entering country name as ind
2023-09-04 17:21:29,409 :INFO :utilites.BaseClass :Text received from application is ×
Success! Thank you! Your order will be delivered in next few weeks :-).
2023-09-04 17:27:54,884 :INFO :utilites.BaseClass :gettimg all the card titles
2023-09-04 17:27:54,955 :INFO :utilites.BaseClass :iphone X
2023-09-04 17:27:54,972 :INFO :utilites.BaseClass :Samsung Note 8
2023-09-04 17:27:54,994 :INFO :utilites.BaseClass :Nokia Edge
2023-09-04 17:27:55,012 :INFO :utilites.BaseClass :Blackberry
2023-09-04 17:27:55,379 :INFO :utilites.BaseClass :Entering country name as ind
2023-09-04 17:28:01,494 :INFO :utilites.BaseClass :Text received from application is ×
Success! Thank you! Your order will be delivered in next few weeks :-).
2023-09-04 17:35:15,417 :INFO :utilites.BaseClass :gettimg all the card titles
2023-09-04 17:35:15,499 :INFO :utilites.BaseClass :iphone X
2023-09-04 17:35:15,527 :INFO :utilites.BaseClass :Samsung Note 8
2023-09-04 17:35:15,581 :INFO :utilites.BaseClass :Nokia Edge
2023-09-04 17:35:15,635 :INFO :utilites.BaseClass :Blackberry
2023-09-04 17:35:15,971 :INFO :utilites.BaseClass :Entering country name as ind
2023-09-04 17:35:22,316 :INFO :utilites.BaseClass :Text received from application is ×
Success! Thank you! Your order will be delivered in next few weeks :-).
